  png.c
  pngerror.c
  pngget.c
  pngmem.c
  pngpread.c
  pngread.c
  pngrio.c
  pngrtran.c
  pngrutil.c
  pngset.c
  pngtrans.c
  pngwio.c
  pngwrite.c
  pngwtran.c
  pngwutil.c
     Creating library E:\WorkSpace\pokomodel\samples\LDView\3rdParty_src\lpng1624\projects\vstudio\Debug\libpng16.lib and object E:\WorkSpace\pokomodel\samples\LDView\3rdParty_src\lpng1624\projects\vstudio\Debug\libpng16.exp
  Generating code
  All 509 functions were compiled because no usable IPDB/IOBJ from previous compilation was found.
  Finished generating code
  libpng.vcxproj -> E:\WorkSpace\pokomodel\samples\LDView\3rdParty_src\lpng1624\projects\vstudio\Debug\libpng16.dll
